2025-08-05 10:39:40,958 - AutoTrader_user_1 - INFO - AutoTrader instance initialized for user_1
2025-08-05 10:39:40,962 - AutoTrader_user_1 - INFO - AutoTrader instance initialized for user_1
2025-08-05 10:39:40,962 - AutoTrader_user_1 - INFO - AutoTrader instance initialized for user_1
2025-08-05 10:39:40,969 - AutoTrader_user_1 - INFO - Auto trading enabled for user 1
2025-08-05 10:39:40,969 - AutoTrader_user_1 - INFO - Auto trading enabled for user 1
2025-08-05 10:39:40,976 - AutoTrader_user_1 - INFO - Auto trading started for DOT_USDT
2025-08-05 10:39:40,976 - AutoTrader_user_1 - INFO - Auto trading started for DOT_USDT
2025-08-05 10:39:45,386 - AutoTrader_user_1 - WARNING - No market data available for DOT_USDT
2025-08-05 10:39:45,386 - AutoTrader_user_1 - WARNING - No market data available for DOT_USDT
2025-08-05 10:39:52,160 - AutoTrader_user_1 - INFO - Auto trading disabled for user 1
2025-08-05 10:39:52,160 - AutoTrader_user_1 - INFO - Auto trading disabled for user 1
2025-08-05 10:39:57,168 - AutoTrader_user_1 - INFO - Auto trading stopped
2025-08-05 10:39:57,168 - AutoTrader_user_1 - INFO - Auto trading stopped
2025-08-05 10:39:57,485 - AutoTrader_user_1 - INFO - Auto trading disabled for user 1
2025-08-05 10:39:57,485 - AutoTrader_user_1 - INFO - Auto trading disabled for user 1
2025-08-08 04:21:38,486 - AutoTrader_user_1 - INFO - AutoTrader instance initialized for user_1
2025-08-08 04:21:38,487 - AutoTrader_user_1 - INFO - AutoTrader instance initialized for user_1
2025-08-08 04:21:38,487 - AutoTrader_user_1 - INFO - AutoTrader instance initialized for user_1
2025-08-08 04:21:38,489 - AutoTrader_user_1 - INFO - Auto trading enabled for user 1
2025-08-08 04:21:38,489 - AutoTrader_user_1 - INFO - Auto trading enabled for user 1
2025-08-08 04:21:38,611 - AutoTrader_user_1 - INFO - Auto trading started for BTC_USDT
2025-08-08 04:21:38,611 - AutoTrader_user_1 - INFO - Auto trading started for BTC_USDT
2025-08-08 04:21:42,220 - AutoTrader_user_1 - INFO - AutoTrader instance initialized for user_1
2025-08-08 04:21:42,220 - AutoTrader_user_1 - INFO - AutoTrader instance initialized for user_1
2025-08-08 04:21:42,220 - AutoTrader_user_1 - INFO - AutoTrader instance initialized for user_1
2025-08-08 04:21:42,231 - AutoTrader_user_1 - INFO - Auto trading enabled for user 1
2025-08-08 04:21:42,231 - AutoTrader_user_1 - INFO - Auto trading enabled for user 1
2025-08-08 04:21:42,231 - AutoTrader_user_1 - INFO - Auto trading enabled for user 1
2025-08-08 04:21:42,280 - AutoTrader_user_1 - INFO - Auto trading disabled for user 1
2025-08-08 04:21:42,280 - AutoTrader_user_1 - INFO - Auto trading disabled for user 1
2025-08-08 04:21:42,280 - AutoTrader_user_1 - INFO - Auto trading disabled for user 1
2025-08-08 04:21:47,328 - AutoTrader_user_1 - INFO - Auto trading stopped
2025-08-08 04:21:47,328 - AutoTrader_user_1 - INFO - Auto trading stopped
2025-08-08 04:21:47,328 - AutoTrader_user_1 - INFO - Auto trading stopped
2025-08-08 04:27:03,774 - AutoTrader_user_1 - INFO - AutoTrader instance initialized for user_1
2025-08-08 04:27:03,776 - AutoTrader_user_1 - INFO - AutoTrader instance initialized for user_1
2025-08-08 04:27:03,776 - AutoTrader_user_1 - INFO - AutoTrader instance initialized for user_1
2025-08-08 04:27:03,778 - AutoTrader_user_1 - INFO - Auto trading enabled for user 1
2025-08-08 04:27:03,778 - AutoTrader_user_1 - INFO - Auto trading enabled for user 1
2025-08-08 04:27:03,821 - AutoTrader_user_1 - INFO - Auto trading started for BTC_USDT
2025-08-08 04:27:03,821 - AutoTrader_user_1 - INFO - Auto trading started for BTC_USDT
2025-08-08 04:27:05,546 - AutoTrader_user_1 - INFO - Auto trading disabled for user 1
2025-08-08 04:27:05,546 - AutoTrader_user_1 - INFO - Auto trading disabled for user 1
2025-08-08 04:27:10,591 - AutoTrader_user_1 - INFO - Auto trading stopped
2025-08-08 04:27:10,591 - AutoTrader_user_1 - INFO - Auto trading stopped
2025-08-08 04:29:07,610 - AutoTrader_user_1 - INFO - Auto trading disabled for user 1
2025-08-08 04:29:07,610 - AutoTrader_user_1 - INFO - Auto trading disabled for user 1
2025-08-08 04:29:08,168 - AutoTrader_user_1 - INFO - Auto trading disabled for user 1
2025-08-08 04:29:08,168 - AutoTrader_user_1 - INFO - Auto trading disabled for user 1
2025-08-08 04:29:18,518 - AutoTrader_user_1 - INFO - AutoTrader instance initialized for user_1
2025-08-08 04:29:18,518 - AutoTrader_user_1 - INFO - AutoTrader instance initialized for user_1
2025-08-08 04:29:18,518 - AutoTrader_user_1 - INFO - AutoTrader instance initialized for user_1
2025-08-08 04:29:18,520 - AutoTrader_user_1 - INFO - Auto trading enabled for user 1
2025-08-08 04:29:18,520 - AutoTrader_user_1 - INFO - Auto trading enabled for user 1
2025-08-08 04:29:18,520 - AutoTrader_user_1 - INFO - Auto trading enabled for user 1
2025-08-08 04:29:18,557 - AutoTrader_user_1 - INFO - Auto trading started for BTC_USDT
2025-08-08 04:29:18,557 - AutoTrader_user_1 - INFO - Auto trading started for BTC_USDT
2025-08-08 04:29:18,557 - AutoTrader_user_1 - INFO - Auto trading started for BTC_USDT
2025-08-08 04:29:19,928 - AutoTrader_user_1 - INFO - AutoTrader instance initialized for user_1
2025-08-08 04:29:19,928 - AutoTrader_user_1 - INFO - AutoTrader instance initialized for user_1
2025-08-08 04:29:19,928 - AutoTrader_user_1 - INFO - AutoTrader instance initialized for user_1
2025-08-08 04:29:19,928 - AutoTrader_user_1 - INFO - AutoTrader instance initialized for user_1
2025-08-08 04:29:19,944 - AutoTrader_user_1 - INFO - Auto trading enabled for user 1
2025-08-08 04:29:19,944 - AutoTrader_user_1 - INFO - Auto trading enabled for user 1
2025-08-08 04:29:19,944 - AutoTrader_user_1 - INFO - Auto trading enabled for user 1
2025-08-08 04:29:19,944 - AutoTrader_user_1 - INFO - Auto trading enabled for user 1
2025-08-08 04:29:23,139 - AutoTrader_user_1 - INFO - Auto trading disabled for user 1
2025-08-08 04:29:23,139 - AutoTrader_user_1 - INFO - Auto trading disabled for user 1
2025-08-08 04:29:23,139 - AutoTrader_user_1 - INFO - Auto trading disabled for user 1
2025-08-08 04:29:23,139 - AutoTrader_user_1 - INFO - Auto trading disabled for user 1
2025-08-08 04:29:28,195 - AutoTrader_user_1 - INFO - Auto trading stopped
2025-08-08 04:29:28,195 - AutoTrader_user_1 - INFO - Auto trading stopped
2025-08-08 04:29:28,195 - AutoTrader_user_1 - INFO - Auto trading stopped
2025-08-08 04:29:28,195 - AutoTrader_user_1 - INFO - Auto trading stopped
2025-08-08 04:34:35,239 - AutoTrader_user_1 - INFO - AutoTrader instance initialized for user_1
2025-08-08 04:34:35,314 - AutoTrader_user_1 - INFO - Trading pair changed from BTC_USDT to ETH_USDT
2025-08-08 04:34:50,351 - AutoTrader_user_1 - INFO - Trading pair changed from ETH_USDT to ETH_USDT
2025-08-08 04:37:03,687 - AutoTrader_user_1 - INFO - Trading pair changed from ETH_USDT to ETH_USDT
2025-08-08 04:37:44,956 - AutoTrader_user_1 - INFO - AutoTrader instance initialized for user_1
2025-08-08 04:37:45,003 - AutoTrader_user_1 - INFO - Trading pair changed from ETH_USDT to DOT_USDT
2025-08-08 04:38:13,536 - AutoTrader_user_1 - INFO - Trading pair changed from DOT_USDT to ETH_USDT
2025-08-08 04:38:36,298 - AutoTrader_user_1 - INFO - Trading pair changed from ETH_USDT to DOT_USDT
2025-08-08 04:38:59,035 - AutoTrader_user_1 - INFO - Trading pair changed from DOT_USDT to ETH_USDT
2025-08-08 04:42:12,030 - AutoTrader_user_1 - INFO - AutoTrader instance initialized for user_1
2025-08-08 04:42:12,089 - AutoTrader_user_1 - INFO - Trading pair changed from ETH_USDT to ETH_USDT
2025-08-08 04:42:29,456 - AutoTrader_user_1 - INFO - Trading pair changed from ETH_USDT to XRP_USDT
2025-08-08 04:44:39,937 - AutoTrader_user_1 - INFO - Trading pair changed from XRP_USDT to ETH_USDT
2025-08-08 04:44:51,220 - AutoTrader_user_1 - INFO - AutoTrader instance initialized for user_1
2025-08-08 04:44:51,220 - AutoTrader_user_1 - INFO - AutoTrader instance initialized for user_1
2025-08-08 04:44:51,222 - AutoTrader_user_1 - INFO - Auto trading enabled for user 1
2025-08-08 04:44:51,222 - AutoTrader_user_1 - INFO - Auto trading enabled for user 1
2025-08-08 04:44:51,262 - AutoTrader_user_1 - INFO - Auto trading started for ETH_USDT
2025-08-08 04:44:51,262 - AutoTrader_user_1 - INFO - Auto trading started for ETH_USDT
2025-08-08 04:47:14,159 - AutoTrader_user_1 - INFO - Auto trading disabled for user 1
2025-08-08 04:47:14,159 - AutoTrader_user_1 - INFO - Auto trading disabled for user 1
2025-08-08 04:47:19,207 - AutoTrader_user_1 - INFO - Auto trading stopped
2025-08-08 04:47:19,207 - AutoTrader_user_1 - INFO - Auto trading stopped
2025-08-08 04:48:02,416 - AutoTrader_user_1 - INFO - AutoTrader instance initialized for user_1
2025-08-08 04:48:02,416 - AutoTrader_user_1 - INFO - AutoTrader instance initialized for user_1
2025-08-08 04:48:02,416 - AutoTrader_user_1 - INFO - AutoTrader instance initialized for user_1
2025-08-08 04:48:02,420 - AutoTrader_user_1 - INFO - Auto trading enabled for user 1
2025-08-08 04:48:02,420 - AutoTrader_user_1 - INFO - Auto trading enabled for user 1
2025-08-08 04:48:02,420 - AutoTrader_user_1 - INFO - Auto trading enabled for user 1
2025-08-08 04:48:02,460 - AutoTrader_user_1 - INFO - Auto trading started for ETH_USDT
2025-08-08 04:48:02,460 - AutoTrader_user_1 - INFO - Auto trading started for ETH_USDT
2025-08-08 04:48:02,460 - AutoTrader_user_1 - INFO - Auto trading started for ETH_USDT
2025-08-08 04:48:06,537 - AutoTrader_user_1 - INFO - Auto trading disabled for user 1
2025-08-08 04:48:06,537 - AutoTrader_user_1 - INFO - Auto trading disabled for user 1
2025-08-08 04:48:06,537 - AutoTrader_user_1 - INFO - Auto trading disabled for user 1
2025-08-08 04:48:11,584 - AutoTrader_user_1 - INFO - Auto trading stopped
2025-08-08 04:48:11,584 - AutoTrader_user_1 - INFO - Auto trading stopped
2025-08-08 04:48:11,584 - AutoTrader_user_1 - INFO - Auto trading stopped
2025-08-08 11:17:35,082 - AutoTrader_user_1 - INFO - AutoTrader instance initialized for user_1
2025-08-08 11:17:35,084 - AutoTrader_user_1 - INFO - AutoTrader instance initialized for user_1
2025-08-08 11:17:35,084 - AutoTrader_user_1 - INFO - AutoTrader instance initialized for user_1
2025-08-08 11:17:35,086 - AutoTrader_user_1 - INFO - Auto trading enabled for user 1
2025-08-08 11:17:35,086 - AutoTrader_user_1 - INFO - Auto trading enabled for user 1
2025-08-08 11:17:35,207 - AutoTrader_user_1 - INFO - Auto trading started for ETH_USDT
2025-08-08 11:17:35,207 - AutoTrader_user_1 - INFO - Auto trading started for ETH_USDT
2025-08-08 11:17:39,802 - AutoTrader_user_1 - ERROR - Error executing strategy ADVANCED_STRATEGY: string indices must be integers, not 'str'
2025-08-08 11:17:39,802 - AutoTrader_user_1 - ERROR - Error executing strategy ADVANCED_STRATEGY: string indices must be integers, not 'str'
2025-08-08 11:17:48,787 - AutoTrader_user_1 - INFO - Auto trading disabled for user 1
2025-08-08 11:17:48,787 - AutoTrader_user_1 - INFO - Auto trading disabled for user 1
2025-08-08 11:17:53,842 - AutoTrader_user_1 - INFO - Auto trading stopped
2025-08-08 11:17:53,842 - AutoTrader_user_1 - INFO - Auto trading stopped
2025-08-08 11:23:09,237 - AutoTrader_user_1 - INFO - AutoTrader instance initialized for user_1
2025-08-08 11:23:09,239 - AutoTrader_user_1 - INFO - AutoTrader instance initialized for user_1
2025-08-08 11:23:09,239 - AutoTrader_user_1 - INFO - AutoTrader instance initialized for user_1
2025-08-08 11:23:09,242 - AutoTrader_user_1 - INFO - Auto trading enabled for user 1
2025-08-08 11:23:09,242 - AutoTrader_user_1 - INFO - Auto trading enabled for user 1
2025-08-08 11:23:09,243 - AutoTrader_user_1 - INFO - Notification sent: [BOT] Auto Trading Enabled - Auto trading has been enabled for ETH_USDT
2025-08-08 11:23:09,243 - AutoTrader_user_1 - INFO - Notification sent: [BOT] Auto Trading Enabled - Auto trading has been enabled for ETH_USDT
2025-08-08 11:23:09,244 - AutoTrader_user_1 - INFO - Auto trading started for ETH_USDT
2025-08-08 11:23:09,244 - AutoTrader_user_1 - INFO - Auto trading started for ETH_USDT
2025-08-08 11:23:10,734 - AutoTrader_user_1 - ERROR - Error executing strategy ADVANCED_STRATEGY: string indices must be integers, not 'str'
2025-08-08 11:23:10,734 - AutoTrader_user_1 - ERROR - Error executing strategy ADVANCED_STRATEGY: string indices must be integers, not 'str'
2025-08-08 11:24:11,647 - AutoTrader_user_1 - ERROR - Error executing strategy ADVANCED_STRATEGY: string indices must be integers, not 'str'
2025-08-08 11:24:11,647 - AutoTrader_user_1 - ERROR - Error executing strategy ADVANCED_STRATEGY: string indices must be integers, not 'str'
2025-08-08 11:25:13,888 - AutoTrader_user_1 - ERROR - Error executing strategy ADVANCED_STRATEGY: string indices must be integers, not 'str'
2025-08-08 11:25:13,888 - AutoTrader_user_1 - ERROR - Error executing strategy ADVANCED_STRATEGY: string indices must be integers, not 'str'
2025-08-08 11:26:14,804 - AutoTrader_user_1 - ERROR - Error executing strategy ADVANCED_STRATEGY: string indices must be integers, not 'str'
2025-08-08 11:26:14,804 - AutoTrader_user_1 - ERROR - Error executing strategy ADVANCED_STRATEGY: string indices must be integers, not 'str'
2025-08-08 11:27:16,082 - AutoTrader_user_1 - ERROR - Error executing strategy ADVANCED_STRATEGY: string indices must be integers, not 'str'
2025-08-08 11:27:16,082 - AutoTrader_user_1 - ERROR - Error executing strategy ADVANCED_STRATEGY: string indices must be integers, not 'str'
2025-08-08 11:28:17,161 - AutoTrader_user_1 - ERROR - Error executing strategy ADVANCED_STRATEGY: string indices must be integers, not 'str'
2025-08-08 11:28:17,161 - AutoTrader_user_1 - ERROR - Error executing strategy ADVANCED_STRATEGY: string indices must be integers, not 'str'
2025-08-08 11:29:18,258 - AutoTrader_user_1 - ERROR - Error executing strategy ADVANCED_STRATEGY: string indices must be integers, not 'str'
2025-08-08 11:29:18,258 - AutoTrader_user_1 - ERROR - Error executing strategy ADVANCED_STRATEGY: string indices must be integers, not 'str'
2025-08-08 11:30:19,463 - AutoTrader_user_1 - ERROR - Error executing strategy ADVANCED_STRATEGY: string indices must be integers, not 'str'
2025-08-08 11:30:19,463 - AutoTrader_user_1 - ERROR - Error executing strategy ADVANCED_STRATEGY: string indices must be integers, not 'str'
2025-08-08 11:31:20,661 - AutoTrader_user_1 - ERROR - Error executing strategy ADVANCED_STRATEGY: string indices must be integers, not 'str'
2025-08-08 11:31:20,661 - AutoTrader_user_1 - ERROR - Error executing strategy ADVANCED_STRATEGY: string indices must be integers, not 'str'
2025-08-08 11:32:21,758 - AutoTrader_user_1 - ERROR - Error executing strategy ADVANCED_STRATEGY: string indices must be integers, not 'str'
2025-08-08 11:32:21,758 - AutoTrader_user_1 - ERROR - Error executing strategy ADVANCED_STRATEGY: string indices must be integers, not 'str'
2025-08-08 11:33:22,823 - AutoTrader_user_1 - ERROR - Error executing strategy ADVANCED_STRATEGY: string indices must be integers, not 'str'
2025-08-08 11:33:22,823 - AutoTrader_user_1 - ERROR - Error executing strategy ADVANCED_STRATEGY: string indices must be integers, not 'str'
2025-08-08 11:34:24,454 - AutoTrader_user_1 - ERROR - Error executing strategy ADVANCED_STRATEGY: string indices must be integers, not 'str'
2025-08-08 11:34:24,454 - AutoTrader_user_1 - ERROR - Error executing strategy ADVANCED_STRATEGY: string indices must be integers, not 'str'
2025-08-08 11:35:25,550 - AutoTrader_user_1 - ERROR - Error executing strategy ADVANCED_STRATEGY: string indices must be integers, not 'str'
2025-08-08 11:35:25,550 - AutoTrader_user_1 - ERROR - Error executing strategy ADVANCED_STRATEGY: string indices must be integers, not 'str'
2025-08-08 11:36:26,601 - AutoTrader_user_1 - ERROR - Error executing strategy ADVANCED_STRATEGY: string indices must be integers, not 'str'
2025-08-08 11:36:26,601 - AutoTrader_user_1 - ERROR - Error executing strategy ADVANCED_STRATEGY: string indices must be integers, not 'str'
2025-08-08 11:37:27,701 - AutoTrader_user_1 - ERROR - Error executing strategy ADVANCED_STRATEGY: string indices must be integers, not 'str'
2025-08-08 11:37:27,701 - AutoTrader_user_1 - ERROR - Error executing strategy ADVANCED_STRATEGY: string indices must be integers, not 'str'
2025-08-08 11:38:28,768 - AutoTrader_user_1 - ERROR - Error executing strategy ADVANCED_STRATEGY: string indices must be integers, not 'str'
2025-08-08 11:38:28,768 - AutoTrader_user_1 - ERROR - Error executing strategy ADVANCED_STRATEGY: string indices must be integers, not 'str'
2025-08-08 11:39:29,900 - AutoTrader_user_1 - ERROR - Error executing strategy ADVANCED_STRATEGY: string indices must be integers, not 'str'
2025-08-08 11:39:29,900 - AutoTrader_user_1 - ERROR - Error executing strategy ADVANCED_STRATEGY: string indices must be integers, not 'str'
2025-08-08 11:40:49,198 - AutoTrader_user_1 - INFO - AutoTrader instance initialized for user_1
2025-08-08 11:40:49,199 - AutoTrader_user_1 - INFO - AutoTrader instance initialized for user_1
2025-08-08 11:40:49,199 - AutoTrader_user_1 - INFO - AutoTrader instance initialized for user_1
2025-08-08 11:41:35,937 - AutoTrader_user_1 - INFO - AutoTrader instance initialized for user_1
2025-08-08 11:41:37,528 - AutoTrader_user_1 - ERROR - Error executing strategy RSI_STRATEGY: cannot access local variable 'symbol' where it is not associated with a value
2025-08-08 11:41:37,529 - AutoTrader_user_1 - ERROR - Traceback: Traceback (most recent call last):
  File "C:\Users\WIN-10\Downloads\Compressed\pionex-trading-bot-main\pionex-trading-bot-main\auto_trader.py", line 262, in execute_strategy
    if not symbol or not isinstance(symbol, str):
           ^^^^^^
UnboundLocalError: cannot access local variable 'symbol' where it is not associated with a value

2025-08-08 11:41:37,530 - AutoTrader_user_1 - WARNING - Main strategy failed after 0.00s, trying fallback for RSI_STRATEGY
2025-08-08 11:41:37,532 - AutoTrader_user_1 - ERROR - Error executing strategy ADVANCED_STRATEGY: cannot access local variable 'symbol' where it is not associated with a value
2025-08-08 11:41:37,533 - AutoTrader_user_1 - ERROR - Traceback: Traceback (most recent call last):
  File "C:\Users\WIN-10\Downloads\Compressed\pionex-trading-bot-main\pionex-trading-bot-main\auto_trader.py", line 262, in execute_strategy
    if not symbol or not isinstance(symbol, str):
           ^^^^^^
UnboundLocalError: cannot access local variable 'symbol' where it is not associated with a value

2025-08-08 11:41:37,534 - AutoTrader_user_1 - WARNING - Main strategy failed after 0.00s, trying fallback for ADVANCED_STRATEGY
2025-08-08 11:41:38,098 - AutoTrader_user_1 - INFO - Fallback strategy executed successfully for ADVANCED_STRATEGY
2025-08-08 11:41:38,100 - AutoTrader_user_1 - ERROR - Error executing strategy VOLUME_FILTER: cannot access local variable 'symbol' where it is not associated with a value
2025-08-08 11:41:38,101 - AutoTrader_user_1 - ERROR - Traceback: Traceback (most recent call last):
  File "C:\Users\WIN-10\Downloads\Compressed\pionex-trading-bot-main\pionex-trading-bot-main\auto_trader.py", line 262, in execute_strategy
    if not symbol or not isinstance(symbol, str):
           ^^^^^^
UnboundLocalError: cannot access local variable 'symbol' where it is not associated with a value

2025-08-08 11:41:38,102 - AutoTrader_user_1 - WARNING - Main strategy failed after 0.00s, trying fallback for VOLUME_FILTER
2025-08-08 11:41:39,271 - AutoTrader_user_1 - INFO - Fallback strategy executed successfully for VOLUME_FILTER
2025-08-08 11:41:39,273 - AutoTrader_user_1 - ERROR - Error executing strategy RSI_STRATEGY: cannot access local variable 'symbol' where it is not associated with a value
2025-08-08 11:41:39,273 - AutoTrader_user_1 - ERROR - Traceback: Traceback (most recent call last):
  File "C:\Users\WIN-10\Downloads\Compressed\pionex-trading-bot-main\pionex-trading-bot-main\auto_trader.py", line 262, in execute_strategy
    if not symbol or not isinstance(symbol, str):
           ^^^^^^
UnboundLocalError: cannot access local variable 'symbol' where it is not associated with a value

2025-08-08 11:41:39,274 - AutoTrader_user_1 - WARNING - Main strategy failed after 0.00s, trying fallback for RSI_STRATEGY
2025-08-08 11:41:39,275 - AutoTrader_user_1 - ERROR - Error executing strategy INVALID_STRATEGY: cannot access local variable 'symbol' where it is not associated with a value
2025-08-08 11:41:39,276 - AutoTrader_user_1 - ERROR - Traceback: Traceback (most recent call last):
  File "C:\Users\WIN-10\Downloads\Compressed\pionex-trading-bot-main\pionex-trading-bot-main\auto_trader.py", line 262, in execute_strategy
    if not symbol or not isinstance(symbol, str):
           ^^^^^^
UnboundLocalError: cannot access local variable 'symbol' where it is not associated with a value

2025-08-08 11:41:39,276 - AutoTrader_user_1 - WARNING - Main strategy failed after 0.00s, trying fallback for INVALID_STRATEGY
2025-08-08 11:41:39,875 - AutoTrader_user_1 - INFO - Fallback strategy executed successfully for INVALID_STRATEGY
2025-08-08 11:41:40,747 - AutoTrader_user_1 - ERROR - Error executing strategy RSI_STRATEGY: cannot access local variable 'symbol' where it is not associated with a value
2025-08-08 11:41:40,747 - AutoTrader_user_1 - ERROR - Traceback: Traceback (most recent call last):
  File "C:\Users\WIN-10\Downloads\Compressed\pionex-trading-bot-main\pionex-trading-bot-main\auto_trader.py", line 262, in execute_strategy
    if not symbol or not isinstance(symbol, str):
           ^^^^^^
UnboundLocalError: cannot access local variable 'symbol' where it is not associated with a value

2025-08-08 11:41:40,748 - AutoTrader_user_1 - WARNING - Main strategy failed after 0.00s, trying fallback for RSI_STRATEGY
2025-08-08 11:41:40,749 - AutoTrader_user_1 - ERROR - Error executing strategy RSI_STRATEGY: cannot access local variable 'symbol' where it is not associated with a value
2025-08-08 11:41:40,750 - AutoTrader_user_1 - ERROR - Traceback: Traceback (most recent call last):
  File "C:\Users\WIN-10\Downloads\Compressed\pionex-trading-bot-main\pionex-trading-bot-main\auto_trader.py", line 262, in execute_strategy
    if not symbol or not isinstance(symbol, str):
           ^^^^^^
UnboundLocalError: cannot access local variable 'symbol' where it is not associated with a value

2025-08-08 11:41:40,752 - AutoTrader_user_1 - WARNING - Main strategy failed after 0.00s, trying fallback for RSI_STRATEGY
2025-08-08 11:41:40,753 - AutoTrader_user_1 - ERROR - Error executing strategy RSI_STRATEGY: cannot access local variable 'symbol' where it is not associated with a value
2025-08-08 11:41:40,753 - AutoTrader_user_1 - ERROR - Traceback: Traceback (most recent call last):
  File "C:\Users\WIN-10\Downloads\Compressed\pionex-trading-bot-main\pionex-trading-bot-main\auto_trader.py", line 262, in execute_strategy
    if not symbol or not isinstance(symbol, str):
           ^^^^^^
UnboundLocalError: cannot access local variable 'symbol' where it is not associated with a value

2025-08-08 11:41:40,754 - AutoTrader_user_1 - WARNING - Main strategy failed after 0.00s, trying fallback for RSI_STRATEGY
2025-08-08 11:41:40,755 - AutoTrader_user_1 - ERROR - Error executing strategy RSI_STRATEGY: cannot access local variable 'symbol' where it is not associated with a value
2025-08-08 11:41:40,756 - AutoTrader_user_1 - ERROR - Traceback: Traceback (most recent call last):
  File "C:\Users\WIN-10\Downloads\Compressed\pionex-trading-bot-main\pionex-trading-bot-main\auto_trader.py", line 262, in execute_strategy
    if not symbol or not isinstance(symbol, str):
           ^^^^^^
UnboundLocalError: cannot access local variable 'symbol' where it is not associated with a value

2025-08-08 11:41:40,760 - AutoTrader_user_1 - WARNING - Main strategy failed after 0.00s, trying fallback for RSI_STRATEGY
2025-08-08 11:41:40,761 - AutoTrader_user_1 - ERROR - Error executing strategy RSI_STRATEGY: cannot access local variable 'symbol' where it is not associated with a value
2025-08-08 11:41:40,761 - AutoTrader_user_1 - ERROR - Traceback: Traceback (most recent call last):
  File "C:\Users\WIN-10\Downloads\Compressed\pionex-trading-bot-main\pionex-trading-bot-main\auto_trader.py", line 262, in execute_strategy
    if not symbol or not isinstance(symbol, str):
           ^^^^^^
UnboundLocalError: cannot access local variable 'symbol' where it is not associated with a value

2025-08-08 11:41:40,762 - AutoTrader_user_1 - WARNING - Main strategy failed after 0.00s, trying fallback for RSI_STRATEGY
2025-08-08 11:41:40,770 - AutoTrader_user_1 - ERROR - Error executing strategy RSI_STRATEGY: cannot access local variable 'symbol' where it is not associated with a value
2025-08-08 11:41:40,770 - AutoTrader_user_1 - ERROR - Traceback: Traceback (most recent call last):
  File "C:\Users\WIN-10\Downloads\Compressed\pionex-trading-bot-main\pionex-trading-bot-main\auto_trader.py", line 262, in execute_strategy
    if not symbol or not isinstance(symbol, str):
           ^^^^^^
UnboundLocalError: cannot access local variable 'symbol' where it is not associated with a value

2025-08-08 11:41:40,772 - AutoTrader_user_1 - WARNING - Main strategy failed after 0.00s, trying fallback for RSI_STRATEGY
2025-08-08 11:41:40,773 - AutoTrader_user_1 - ERROR - Error executing strategy RSI_STRATEGY: cannot access local variable 'symbol' where it is not associated with a value
2025-08-08 11:41:40,774 - AutoTrader_user_1 - ERROR - Traceback: Traceback (most recent call last):
  File "C:\Users\WIN-10\Downloads\Compressed\pionex-trading-bot-main\pionex-trading-bot-main\auto_trader.py", line 262, in execute_strategy
    if not symbol or not isinstance(symbol, str):
           ^^^^^^
UnboundLocalError: cannot access local variable 'symbol' where it is not associated with a value

2025-08-08 11:41:40,775 - AutoTrader_user_1 - WARNING - Main strategy failed after 0.00s, trying fallback for RSI_STRATEGY
2025-08-08 11:43:15,697 - AutoTrader_user_1 - INFO - AutoTrader instance initialized for user_1
2025-08-08 11:43:18,436 - AutoTrader_user_1 - INFO - Executing RSI_STRATEGY for BTC_USDT with balance: 0.0
2025-08-08 11:43:18,437 - AutoTrader_user_1 - INFO - Strategy parameters - Symbol: BTC_USDT, Balance: 0.0, Type: RSI_STRATEGY
2025-08-08 11:43:18,437 - AutoTrader_user_1 - WARNING - Insufficient balance (0.0) for strategy execution
2025-08-08 11:43:18,438 - AutoTrader_user_1 - INFO - Strategy RSI_STRATEGY completed with HOLD signal in 0.56s
2025-08-08 11:43:18,438 - AutoTrader_user_1 - INFO - Strategy RSI_STRATEGY stats - Success rate: 100.0%, Avg time: 0.56s
2025-08-08 11:43:19,012 - AutoTrader_user_1 - INFO - Executing ADVANCED_STRATEGY for BTC_USDT with balance: 0.0
2025-08-08 11:43:19,013 - AutoTrader_user_1 - INFO - Strategy parameters - Symbol: BTC_USDT, Balance: 0.0, Type: ADVANCED_STRATEGY
2025-08-08 11:43:19,013 - AutoTrader_user_1 - WARNING - Insufficient balance (0.0) for strategy execution
2025-08-08 11:43:19,013 - AutoTrader_user_1 - INFO - Strategy ADVANCED_STRATEGY completed with HOLD signal in 0.56s
2025-08-08 11:43:19,014 - AutoTrader_user_1 - INFO - Strategy ADVANCED_STRATEGY stats - Success rate: 100.0%, Avg time: 0.56s
2025-08-08 11:43:19,610 - AutoTrader_user_1 - INFO - Executing VOLUME_FILTER for BTC_USDT with balance: 0.0
2025-08-08 11:43:19,611 - AutoTrader_user_1 - INFO - Strategy parameters - Symbol: BTC_USDT, Balance: 0.0, Type: VOLUME_FILTER
2025-08-08 11:43:19,611 - AutoTrader_user_1 - WARNING - Insufficient balance (0.0) for strategy execution
2025-08-08 11:43:19,612 - AutoTrader_user_1 - INFO - Strategy VOLUME_FILTER completed with HOLD signal in 0.58s
2025-08-08 11:43:19,612 - AutoTrader_user_1 - INFO - Strategy VOLUME_FILTER stats - Success rate: 100.0%, Avg time: 0.58s
2025-08-08 11:43:19,634 - AutoTrader_user_1 - ERROR - Invalid symbol: 
2025-08-08 11:43:19,634 - AutoTrader_user_1 - INFO - Strategy RSI_STRATEGY completed with HOLD signal in 0.00s
2025-08-08 11:43:19,635 - AutoTrader_user_1 - INFO - Strategy RSI_STRATEGY stats - Success rate: 100.0%, Avg time: 0.28s
2025-08-08 11:43:20,300 - AutoTrader_user_1 - INFO - Executing INVALID_STRATEGY for BTC_USDT with balance: 0.0
2025-08-08 11:43:20,300 - AutoTrader_user_1 - INFO - Strategy parameters - Symbol: BTC_USDT, Balance: 0.0, Type: INVALID_STRATEGY
2025-08-08 11:43:20,301 - AutoTrader_user_1 - WARNING - Insufficient balance (0.0) for strategy execution
2025-08-08 11:43:20,301 - AutoTrader_user_1 - INFO - Strategy INVALID_STRATEGY completed with HOLD signal in 0.65s
2025-08-08 11:43:20,302 - AutoTrader_user_1 - INFO - Strategy INVALID_STRATEGY stats - Success rate: 100.0%, Avg time: 0.65s
2025-08-08 11:43:22,142 - AutoTrader_user_1 - INFO - Executing RSI_STRATEGY for BTC_USDT with balance: 0.0
2025-08-08 11:43:22,143 - AutoTrader_user_1 - INFO - Strategy parameters - Symbol: BTC_USDT, Balance: 0.0, Type: RSI_STRATEGY
2025-08-08 11:43:22,143 - AutoTrader_user_1 - WARNING - Insufficient balance (0.0) for strategy execution
2025-08-08 11:43:22,144 - AutoTrader_user_1 - INFO - Strategy RSI_STRATEGY completed with HOLD signal in 0.91s
2025-08-08 11:43:22,144 - AutoTrader_user_1 - INFO - Strategy RSI_STRATEGY stats - Success rate: 100.0%, Avg time: 0.49s
2025-08-08 11:43:22,724 - AutoTrader_user_1 - INFO - Executing RSI_STRATEGY for BTC_USDT with balance: 0.0
2025-08-08 11:43:22,725 - AutoTrader_user_1 - INFO - Strategy parameters - Symbol: BTC_USDT, Balance: 0.0, Type: RSI_STRATEGY
2025-08-08 11:43:22,725 - AutoTrader_user_1 - WARNING - Insufficient balance (0.0) for strategy execution
2025-08-08 11:43:22,725 - AutoTrader_user_1 - INFO - Strategy RSI_STRATEGY completed with HOLD signal in 0.56s
2025-08-08 11:43:22,726 - AutoTrader_user_1 - INFO - Strategy RSI_STRATEGY stats - Success rate: 100.0%, Avg time: 0.51s
2025-08-08 11:43:23,311 - AutoTrader_user_1 - INFO - Executing RSI_STRATEGY for BTC_USDT with balance: 0.0
2025-08-08 11:43:23,312 - AutoTrader_user_1 - INFO - Strategy parameters - Symbol: BTC_USDT, Balance: 0.0, Type: RSI_STRATEGY
2025-08-08 11:43:23,312 - AutoTrader_user_1 - WARNING - Insufficient balance (0.0) for strategy execution
2025-08-08 11:43:23,313 - AutoTrader_user_1 - INFO - Strategy RSI_STRATEGY completed with HOLD signal in 0.57s
2025-08-08 11:43:23,313 - AutoTrader_user_1 - INFO - Strategy RSI_STRATEGY stats - Success rate: 100.0%, Avg time: 0.52s
2025-08-08 11:43:23,957 - AutoTrader_user_1 - INFO - Executing RSI_STRATEGY for BTC_USDT with balance: 0.0
2025-08-08 11:43:23,958 - AutoTrader_user_1 - INFO - Strategy parameters - Symbol: BTC_USDT, Balance: 0.0, Type: RSI_STRATEGY
2025-08-08 11:43:23,958 - AutoTrader_user_1 - WARNING - Insufficient balance (0.0) for strategy execution
2025-08-08 11:43:23,959 - AutoTrader_user_1 - INFO - Strategy RSI_STRATEGY completed with HOLD signal in 0.63s
2025-08-08 11:43:23,959 - AutoTrader_user_1 - INFO - Strategy RSI_STRATEGY stats - Success rate: 100.0%, Avg time: 0.54s
2025-08-08 11:43:24,533 - AutoTrader_user_1 - INFO - Executing RSI_STRATEGY for BTC_USDT with balance: 0.0
2025-08-08 11:43:24,533 - AutoTrader_user_1 - INFO - Strategy parameters - Symbol: BTC_USDT, Balance: 0.0, Type: RSI_STRATEGY
2025-08-08 11:43:24,534 - AutoTrader_user_1 - WARNING - Insufficient balance (0.0) for strategy execution
2025-08-08 11:43:24,534 - AutoTrader_user_1 - INFO - Strategy RSI_STRATEGY completed with HOLD signal in 0.56s
2025-08-08 11:43:24,535 - AutoTrader_user_1 - INFO - Strategy RSI_STRATEGY stats - Success rate: 100.0%, Avg time: 0.54s
2025-08-08 11:43:25,122 - AutoTrader_user_1 - INFO - Executing RSI_STRATEGY for BTC_USDT with balance: 0.0
2025-08-08 11:43:25,122 - AutoTrader_user_1 - INFO - Strategy parameters - Symbol: BTC_USDT, Balance: 0.0, Type: RSI_STRATEGY
2025-08-08 11:43:25,123 - AutoTrader_user_1 - WARNING - Insufficient balance (0.0) for strategy execution
2025-08-08 11:43:25,123 - AutoTrader_user_1 - INFO - Strategy RSI_STRATEGY completed with HOLD signal in 0.57s
2025-08-08 11:43:25,124 - AutoTrader_user_1 - INFO - Strategy RSI_STRATEGY stats - Success rate: 100.0%, Avg time: 0.55s
2025-08-08 11:43:25,679 - AutoTrader_user_1 - INFO - Executing RSI_STRATEGY for BTC_USDT with balance: 0.0
2025-08-08 11:43:25,680 - AutoTrader_user_1 - INFO - Strategy parameters - Symbol: BTC_USDT, Balance: 0.0, Type: RSI_STRATEGY
2025-08-08 11:43:25,680 - AutoTrader_user_1 - WARNING - Insufficient balance (0.0) for strategy execution
2025-08-08 11:43:25,680 - AutoTrader_user_1 - INFO - Strategy RSI_STRATEGY completed with HOLD signal in 0.54s
2025-08-08 11:43:25,681 - AutoTrader_user_1 - INFO - Strategy RSI_STRATEGY stats - Success rate: 100.0%, Avg time: 0.54s
2025-08-08 11:50:49,090 - AutoTrader_user_1 - INFO - AutoTrader instance initialized for user_1
2025-08-08 11:50:52,109 - AutoTrader_user_1 - INFO - Executing RSI_STRATEGY for BTC_USDT with balance: 0.0
2025-08-08 11:50:52,110 - AutoTrader_user_1 - INFO - Strategy parameters - Symbol: BTC_USDT, Balance: 0.0, Type: RSI_STRATEGY
2025-08-08 11:50:52,110 - AutoTrader_user_1 - WARNING - Insufficient balance (0.0) for strategy execution
2025-08-08 11:50:52,111 - AutoTrader_user_1 - INFO - Strategy RSI_STRATEGY completed with HOLD signal in 0.54s
2025-08-08 11:50:52,111 - AutoTrader_user_1 - INFO - Strategy RSI_STRATEGY stats - Success rate: 100.0%, Avg time: 0.54s
2025-08-08 11:50:52,736 - AutoTrader_user_1 - INFO - Executing ADVANCED_STRATEGY for BTC_USDT with balance: 0.0
2025-08-08 11:50:52,736 - AutoTrader_user_1 - INFO - Strategy parameters - Symbol: BTC_USDT, Balance: 0.0, Type: ADVANCED_STRATEGY
2025-08-08 11:50:52,737 - AutoTrader_user_1 - WARNING - Insufficient balance (0.0) for strategy execution
2025-08-08 11:50:52,737 - AutoTrader_user_1 - INFO - Strategy ADVANCED_STRATEGY completed with HOLD signal in 0.61s
2025-08-08 11:50:52,738 - AutoTrader_user_1 - INFO - Strategy ADVANCED_STRATEGY stats - Success rate: 100.0%, Avg time: 0.61s
2025-08-08 11:50:53,657 - AutoTrader_user_1 - INFO - Executing VOLUME_FILTER for BTC_USDT with balance: 0.0
2025-08-08 11:50:53,658 - AutoTrader_user_1 - INFO - Strategy parameters - Symbol: BTC_USDT, Balance: 0.0, Type: VOLUME_FILTER
2025-08-08 11:50:53,658 - AutoTrader_user_1 - WARNING - Insufficient balance (0.0) for strategy execution
2025-08-08 11:50:53,658 - AutoTrader_user_1 - INFO - Strategy VOLUME_FILTER completed with HOLD signal in 0.90s
2025-08-08 11:50:53,659 - AutoTrader_user_1 - INFO - Strategy VOLUME_FILTER stats - Success rate: 100.0%, Avg time: 0.90s
2025-08-08 11:50:53,679 - AutoTrader_user_1 - ERROR - Invalid symbol: 
2025-08-08 11:50:53,679 - AutoTrader_user_1 - INFO - Strategy RSI_STRATEGY completed with HOLD signal in 0.00s
2025-08-08 11:50:53,680 - AutoTrader_user_1 - INFO - Strategy RSI_STRATEGY stats - Success rate: 100.0%, Avg time: 0.27s
2025-08-08 11:50:54,501 - AutoTrader_user_1 - INFO - Executing INVALID_STRATEGY for BTC_USDT with balance: 0.0
2025-08-08 11:50:54,502 - AutoTrader_user_1 - INFO - Strategy parameters - Symbol: BTC_USDT, Balance: 0.0, Type: INVALID_STRATEGY
2025-08-08 11:50:54,502 - AutoTrader_user_1 - WARNING - Insufficient balance (0.0) for strategy execution
2025-08-08 11:50:54,502 - AutoTrader_user_1 - INFO - Strategy INVALID_STRATEGY completed with HOLD signal in 0.80s
2025-08-08 11:50:54,503 - AutoTrader_user_1 - INFO - Strategy INVALID_STRATEGY stats - Success rate: 100.0%, Avg time: 0.80s
2025-08-08 11:50:56,136 - AutoTrader_user_1 - INFO - Executing RSI_STRATEGY for BTC_USDT with balance: 0.0
2025-08-08 11:50:56,137 - AutoTrader_user_1 - INFO - Strategy parameters - Symbol: BTC_USDT, Balance: 0.0, Type: RSI_STRATEGY
2025-08-08 11:50:56,137 - AutoTrader_user_1 - WARNING - Insufficient balance (0.0) for strategy execution
2025-08-08 11:50:56,138 - AutoTrader_user_1 - INFO - Strategy RSI_STRATEGY completed with HOLD signal in 0.74s
2025-08-08 11:50:56,138 - AutoTrader_user_1 - INFO - Strategy RSI_STRATEGY stats - Success rate: 100.0%, Avg time: 0.43s
2025-08-08 11:50:56,677 - AutoTrader_user_1 - INFO - Executing RSI_STRATEGY for BTC_USDT with balance: 0.0
2025-08-08 11:50:56,677 - AutoTrader_user_1 - INFO - Strategy parameters - Symbol: BTC_USDT, Balance: 0.0, Type: RSI_STRATEGY
2025-08-08 11:50:56,678 - AutoTrader_user_1 - WARNING - Insufficient balance (0.0) for strategy execution
2025-08-08 11:50:56,678 - AutoTrader_user_1 - INFO - Strategy RSI_STRATEGY completed with HOLD signal in 0.52s
2025-08-08 11:50:56,678 - AutoTrader_user_1 - INFO - Strategy RSI_STRATEGY stats - Success rate: 100.0%, Avg time: 0.45s
2025-08-08 11:50:57,255 - AutoTrader_user_1 - INFO - Executing RSI_STRATEGY for BTC_USDT with balance: 0.0
2025-08-08 11:50:57,256 - AutoTrader_user_1 - INFO - Strategy parameters - Symbol: BTC_USDT, Balance: 0.0, Type: RSI_STRATEGY
2025-08-08 11:50:57,256 - AutoTrader_user_1 - WARNING - Insufficient balance (0.0) for strategy execution
2025-08-08 11:50:57,256 - AutoTrader_user_1 - INFO - Strategy RSI_STRATEGY completed with HOLD signal in 0.56s
2025-08-08 11:50:57,257 - AutoTrader_user_1 - INFO - Strategy RSI_STRATEGY stats - Success rate: 100.0%, Avg time: 0.47s
2025-08-08 11:50:57,825 - AutoTrader_user_1 - INFO - Executing RSI_STRATEGY for BTC_USDT with balance: 0.0
2025-08-08 11:50:57,826 - AutoTrader_user_1 - INFO - Strategy parameters - Symbol: BTC_USDT, Balance: 0.0, Type: RSI_STRATEGY
2025-08-08 11:50:57,826 - AutoTrader_user_1 - WARNING - Insufficient balance (0.0) for strategy execution
2025-08-08 11:50:57,827 - AutoTrader_user_1 - INFO - Strategy RSI_STRATEGY completed with HOLD signal in 0.55s
2025-08-08 11:50:57,827 - AutoTrader_user_1 - INFO - Strategy RSI_STRATEGY stats - Success rate: 100.0%, Avg time: 0.49s
2025-08-08 11:50:58,386 - AutoTrader_user_1 - INFO - Executing RSI_STRATEGY for BTC_USDT with balance: 0.0
2025-08-08 11:50:58,387 - AutoTrader_user_1 - INFO - Strategy parameters - Symbol: BTC_USDT, Balance: 0.0, Type: RSI_STRATEGY
2025-08-08 11:50:58,387 - AutoTrader_user_1 - WARNING - Insufficient balance (0.0) for strategy execution
2025-08-08 11:50:58,387 - AutoTrader_user_1 - INFO - Strategy RSI_STRATEGY completed with HOLD signal in 0.54s
2025-08-08 11:50:58,388 - AutoTrader_user_1 - INFO - Strategy RSI_STRATEGY stats - Success rate: 100.0%, Avg time: 0.49s
2025-08-08 11:50:59,049 - AutoTrader_user_1 - INFO - Executing RSI_STRATEGY for BTC_USDT with balance: 0.0
2025-08-08 11:50:59,050 - AutoTrader_user_1 - INFO - Strategy parameters - Symbol: BTC_USDT, Balance: 0.0, Type: RSI_STRATEGY
2025-08-08 11:50:59,050 - AutoTrader_user_1 - WARNING - Insufficient balance (0.0) for strategy execution
2025-08-08 11:50:59,051 - AutoTrader_user_1 - INFO - Strategy RSI_STRATEGY completed with HOLD signal in 0.64s
2025-08-08 11:50:59,051 - AutoTrader_user_1 - INFO - Strategy RSI_STRATEGY stats - Success rate: 100.0%, Avg time: 0.51s
2025-08-08 11:50:59,636 - AutoTrader_user_1 - INFO - Executing RSI_STRATEGY for BTC_USDT with balance: 0.0
2025-08-08 11:50:59,636 - AutoTrader_user_1 - INFO - Strategy parameters - Symbol: BTC_USDT, Balance: 0.0, Type: RSI_STRATEGY
2025-08-08 11:50:59,636 - AutoTrader_user_1 - WARNING - Insufficient balance (0.0) for strategy execution
2025-08-08 11:50:59,637 - AutoTrader_user_1 - INFO - Strategy RSI_STRATEGY completed with HOLD signal in 0.57s
2025-08-08 11:50:59,638 - AutoTrader_user_1 - INFO - Strategy RSI_STRATEGY stats - Success rate: 100.0%, Avg time: 0.52s
2025-08-08 11:51:36,057 - AutoTrader_user_1 - INFO - AutoTrader instance initialized for user_1
2025-08-08 11:51:36,058 - AutoTrader_user_1 - INFO - AutoTrader instance initialized for user_1
2025-08-08 11:51:36,058 - AutoTrader_user_1 - INFO - AutoTrader instance initialized for user_1
2025-08-08 11:51:36,061 - AutoTrader_user_1 - INFO - Auto trading enabled for user 1
2025-08-08 11:51:36,061 - AutoTrader_user_1 - INFO - Auto trading enabled for user 1
2025-08-08 11:51:36,061 - AutoTrader_user_1 - INFO - Notification sent: Auto Trading Enabled - Auto trading has been enabled for ETH_USDT
2025-08-08 11:51:36,061 - AutoTrader_user_1 - INFO - Notification sent: Auto Trading Enabled - Auto trading has been enabled for ETH_USDT
2025-08-08 11:51:36,063 - AutoTrader_user_1 - INFO - Auto trading started for ETH_USDT
2025-08-08 11:51:36,063 - AutoTrader_user_1 - INFO - Auto trading started for ETH_USDT
2025-08-08 11:51:37,821 - AutoTrader_user_1 - INFO - Executing ADVANCED_STRATEGY for ETH_USDT with balance: 0.0
2025-08-08 11:51:37,821 - AutoTrader_user_1 - INFO - Executing ADVANCED_STRATEGY for ETH_USDT with balance: 0.0
2025-08-08 11:51:37,822 - AutoTrader_user_1 - INFO - Strategy parameters - Symbol: ETH_USDT, Balance: 0.0, Type: ADVANCED_STRATEGY
2025-08-08 11:51:37,822 - AutoTrader_user_1 - INFO - Strategy parameters - Symbol: ETH_USDT, Balance: 0.0, Type: ADVANCED_STRATEGY
2025-08-08 11:51:37,824 - AutoTrader_user_1 - WARNING - Insufficient balance (0.0) for strategy execution
2025-08-08 11:51:37,824 - AutoTrader_user_1 - WARNING - Insufficient balance (0.0) for strategy execution
2025-08-08 11:51:37,825 - AutoTrader_user_1 - INFO - Strategy ADVANCED_STRATEGY completed with HOLD signal in 0.58s
2025-08-08 11:51:37,825 - AutoTrader_user_1 - INFO - Strategy ADVANCED_STRATEGY completed with HOLD signal in 0.58s
2025-08-08 11:51:37,825 - AutoTrader_user_1 - INFO - Strategy ADVANCED_STRATEGY stats - Success rate: 100.0%, Avg time: 0.58s
2025-08-08 11:51:37,825 - AutoTrader_user_1 - INFO - Strategy ADVANCED_STRATEGY stats - Success rate: 100.0%, Avg time: 0.58s
2025-08-08 11:51:37,880 - AutoTrader_user_1 - WARNING - Invalid trade signal: {'action': 'HOLD', 'reason': 'Insufficient balance: 0.0'}
2025-08-08 11:51:37,880 - AutoTrader_user_1 - WARNING - Invalid trade signal: {'action': 'HOLD', 'reason': 'Insufficient balance: 0.0'}
2025-08-08 11:51:47,004 - AutoTrader_user_1 - INFO - Auto trading disabled for user 1
2025-08-08 11:51:47,004 - AutoTrader_user_1 - INFO - Auto trading disabled for user 1
2025-08-08 11:51:47,005 - AutoTrader_user_1 - INFO - Notification sent: Auto Trading Disabled - Auto trading has been disabled for ETH_USDT
2025-08-08 11:51:47,005 - AutoTrader_user_1 - INFO - Notification sent: Auto Trading Disabled - Auto trading has been disabled for ETH_USDT
2025-08-08 11:51:52,017 - AutoTrader_user_1 - INFO - Auto trading stopped
2025-08-08 11:51:52,017 - AutoTrader_user_1 - INFO - Auto trading stopped
2025-08-08 11:58:27,664 - AutoTrader_user_1 - INFO - AutoTrader instance initialized for user_1
2025-08-08 11:58:27,665 - AutoTrader_user_1 - INFO - AutoTrader instance initialized for user_1
2025-08-08 11:58:27,665 - AutoTrader_user_1 - INFO - AutoTrader instance initialized for user_1
2025-08-08 11:58:27,668 - AutoTrader_user_1 - INFO - Auto trading enabled for user 1
2025-08-08 11:58:27,668 - AutoTrader_user_1 - INFO - Auto trading enabled for user 1
2025-08-08 11:58:27,669 - AutoTrader_user_1 - INFO - Notification sent: Auto Trading Enabled - Auto trading has been enabled for ETH_USDT
2025-08-08 11:58:27,669 - AutoTrader_user_1 - INFO - Notification sent: Auto Trading Enabled - Auto trading has been enabled for ETH_USDT
2025-08-08 11:58:27,671 - AutoTrader_user_1 - INFO - Auto trading started for ETH_USDT
2025-08-08 11:58:27,671 - AutoTrader_user_1 - INFO - Auto trading started for ETH_USDT
2025-08-08 11:58:30,222 - AutoTrader_user_1 - INFO - Executing ADVANCED_STRATEGY for ETH_USDT with balance: 0.0
2025-08-08 11:58:30,222 - AutoTrader_user_1 - INFO - Executing ADVANCED_STRATEGY for ETH_USDT with balance: 0.0
2025-08-08 11:58:30,223 - AutoTrader_user_1 - INFO - Strategy parameters - Symbol: ETH_USDT, Balance: 0.0, Type: ADVANCED_STRATEGY
2025-08-08 11:58:30,223 - AutoTrader_user_1 - INFO - Strategy parameters - Symbol: ETH_USDT, Balance: 0.0, Type: ADVANCED_STRATEGY
2025-08-08 11:58:30,224 - AutoTrader_user_1 - WARNING - Insufficient balance (0.0) for strategy execution
2025-08-08 11:58:30,224 - AutoTrader_user_1 - WARNING - Insufficient balance (0.0) for strategy execution
2025-08-08 11:58:30,225 - AutoTrader_user_1 - INFO - Strategy ADVANCED_STRATEGY completed with HOLD signal in 0.65s
2025-08-08 11:58:30,225 - AutoTrader_user_1 - INFO - Strategy ADVANCED_STRATEGY completed with HOLD signal in 0.65s
2025-08-08 11:58:30,225 - AutoTrader_user_1 - INFO - Strategy ADVANCED_STRATEGY stats - Success rate: 100.0%, Avg time: 0.65s
2025-08-08 11:58:30,225 - AutoTrader_user_1 - INFO - Strategy ADVANCED_STRATEGY stats - Success rate: 100.0%, Avg time: 0.65s
2025-08-08 11:58:30,308 - AutoTrader_user_1 - WARNING - Invalid trade signal: {'action': 'HOLD', 'reason': 'Insufficient balance: 0.0'}
2025-08-08 11:58:30,308 - AutoTrader_user_1 - WARNING - Invalid trade signal: {'action': 'HOLD', 'reason': 'Insufficient balance: 0.0'}
2025-08-08 11:58:38,995 - AutoTrader_user_1 - INFO - Auto trading disabled for user 1
2025-08-08 11:58:38,995 - AutoTrader_user_1 - INFO - Auto trading disabled for user 1
2025-08-08 11:58:38,996 - AutoTrader_user_1 - INFO - Notification sent: Auto Trading Disabled - Auto trading has been disabled for ETH_USDT
2025-08-08 11:58:38,996 - AutoTrader_user_1 - INFO - Notification sent: Auto Trading Disabled - Auto trading has been disabled for ETH_USDT
2025-08-08 11:58:44,006 - AutoTrader_user_1 - INFO - Auto trading stopped
2025-08-08 11:58:44,006 - AutoTrader_user_1 - INFO - Auto trading stopped
2025-08-10 00:53:42,274 - AutoTrader_user_1 - INFO - AutoTrader instance initialized for user_1
2025-08-10 00:53:42,309 - AutoTrader_user_1 - INFO - Trading pair changed from ETH_USDT to ETH_USDT
2025-08-10 00:53:42,310 - AutoTrader_user_1 - INFO - Notification sent: Trading Pair Changed - Trading pair changed to ETH_USDT
2025-08-10 00:53:46,470 - AutoTrader_user_1 - INFO - Trading pair changed from ETH_USDT to ETH_USDT
2025-08-10 00:53:46,472 - AutoTrader_user_1 - INFO - Notification sent: Trading Pair Changed - Trading pair changed to ETH_USDT
2025-08-10 00:54:18,320 - AutoTrader_user_1 - INFO - Trading pair changed from ETH_USDT to ETH_USDT
2025-08-10 00:54:18,320 - AutoTrader_user_1 - INFO - Notification sent: Trading Pair Changed - Trading pair changed to ETH_USDT
2025-08-10 00:58:44,837 - AutoTrader_user_1 - INFO - AutoTrader instance initialized for user_1
2025-08-10 00:58:44,881 - AutoTrader_user_1 - INFO - Trading pair changed from ETH_USDT to ETH_USDT
2025-08-10 00:58:44,882 - AutoTrader_user_1 - INFO - Notification sent: Trading Pair Changed - Trading pair changed to ETH_USDT
2025-08-10 01:18:07,359 - AutoTrader_user_1 - INFO - AutoTrader instance initialized for user_1
2025-08-10 01:18:07,399 - AutoTrader_user_1 - INFO - Trading pair changed from ETH_USDT to ETH_USDT
2025-08-10 01:18:07,400 - AutoTrader_user_1 - INFO - Notification sent: Trading Pair Changed - Trading pair changed to ETH_USDT
2025-08-10 01:18:44,472 - AutoTrader_user_1 - INFO - Trading pair changed from ETH_USDT to DOT_USDT
2025-08-10 01:18:44,473 - AutoTrader_user_1 - INFO - Notification sent: Trading Pair Changed - Trading pair changed to DOT_USDT
2025-08-10 01:22:33,422 - AutoTrader_user_1 - INFO - AutoTrader instance initialized for user_1
2025-08-10 01:22:33,463 - AutoTrader_user_1 - INFO - Trading pair changed from DOT_USDT to ETH_USDT
2025-08-10 01:22:33,464 - AutoTrader_user_1 - INFO - Notification sent: Trading Pair Changed - Trading pair changed to ETH_USDT
2025-08-10 01:22:40,796 - AutoTrader_user_1 - INFO - Trading pair changed from ETH_USDT to SOL_USDT
2025-08-10 01:22:40,798 - AutoTrader_user_1 - INFO - Notification sent: Trading Pair Changed - Trading pair changed to SOL_USDT
2025-08-10 01:27:06,534 - AutoTrader_user_1 - INFO - Trading pair changed from SOL_USDT to BTC_USDT
2025-08-10 01:27:06,535 - AutoTrader_user_1 - INFO - Notification sent: Trading Pair Changed - Trading pair changed to BTC_USDT
2025-08-10 01:36:22,756 - AutoTrader_user_1 - INFO - AutoTrader instance initialized for user_1
2025-08-10 01:36:22,808 - AutoTrader_user_1 - INFO - Trading pair changed from BTC_USDT to BTC_USDT
2025-08-10 01:36:22,809 - AutoTrader_user_1 - INFO - Notification sent: Trading Pair Changed - Trading pair changed to BTC_USDT
2025-08-10 01:36:29,867 - AutoTrader_user_1 - INFO - Trading pair changed from BTC_USDT to ETH_USDT
2025-08-10 01:36:29,868 - AutoTrader_user_1 - INFO - Notification sent: Trading Pair Changed - Trading pair changed to ETH_USDT
2025-09-01 04:54:50,476 - AutoTrader_user_1 - INFO - AutoTrader instance initialized for user_1
2025-09-01 04:54:50,595 - AutoTrader_user_1 - INFO - Trading pair changed from ETH_USDT to DOT_USDT
2025-09-01 04:54:50,602 - AutoTrader_user_1 - INFO - Notification sent: Trading Pair Changed - Trading pair changed to DOT_USDT
2025-09-01 04:54:55,089 - AutoTrader_user_1 - INFO - Trading pair changed from DOT_USDT to DOT_USDT
2025-09-01 04:54:55,091 - AutoTrader_user_1 - INFO - Notification sent: Trading Pair Changed - Trading pair changed to DOT_USDT
2025-09-01 05:41:11,580 - AutoTrader_user_1 - INFO - AutoTrader instance initialized for user_1
2025-09-01 05:41:11,732 - AutoTrader_user_1 - INFO - Trading pair changed from DOT_USDT to SOL_USDT
2025-09-01 05:41:11,733 - AutoTrader_user_1 - INFO - Notification sent: Trading Pair Changed - Trading pair changed to SOL_USDT
2025-09-01 16:33:23,525 - AutoTrader_user_1 - INFO - AutoTrader instance initialized for user_1
2025-09-01 16:39:39,633 - AutoTrader_user_1 - INFO - AutoTrader instance initialized for user_1
2025-09-01 16:39:39,750 - AutoTrader_user_1 - INFO - Trading pair changed from DOT_USDT to BTC_USDT
2025-09-01 16:39:39,751 - AutoTrader_user_1 - INFO - Notification sent: Trading Pair Changed - Trading pair changed to BTC_USDT
